<?xml version="1.0" encoding="UTF-8"?>
<!-- Generated by org.testng.reporters.JUnitReportReporter -->
<testsuite hostname="DESKTOP-DQ0MIAR" failures="0" tests="1" name="mavenParameter.ToReaddataFrommaven" time="0.121" errors="0" timestamp="2022-08-01T15:40:25 IST" skipped="0">
  <testcase classname="mavenParameter.ToReaddataFrommaven" name="readData" time="0.121"/>
  <system-out/>
</testsuite> <!-- mavenParameter.ToReaddataFrommaven -->
