<?xml version="1.0" encoding="UTF-8"?>
<!-- Generated by org.testng.reporters.JUnitReportReporter -->
<testsuite hostname="DESKTOP-DQ0MIAR" failures="0" tests="1" name="demo.TC_Electronics_ST_001Test" time="30.283" errors="0" timestamp="2022-08-01T11:24:50 IST" skipped="0">
  <testcase classname="demo.TC_Electronics_ST_001Test" name="electronics" time="30.283"/>
  <system-out>
Clicked on electronic link Clicked on cameraphoto link Clicked on HandyCamcorder link Clicked on HandyCamcorder link  </system-out>
</testsuite> <!-- demo.TC_Electronics_ST_001Test -->
